1615337287021	geckodriver	INFO	Listening on 127.0.0.1:60767
1615337287063	mozrunner::runner	INFO	Running command: "/Applications/Firefox.app/Contents/MacOS/firefox-bin" "--marionette" "-foreground" "-no-remote" "-profile" "/var/folders/sx/b425bxq11_g4khz0y_f0sqkc0000gn/T/rust_mozprofilehLvC12"
console.warn: SearchSettings: "get: No settings file exists, new profile?" (new Error("", "(unknown module)"))
1615337293695	Marionette	INFO	Listening on port 60776
1615337293835	Marionette	WARN	TLS certificate errors will be ignored for this session
1615337317561	geckodriver	INFO	Listening on 127.0.0.1:60866
1615337317578	mozrunner::runner	INFO	Running command: "/Applications/Firefox.app/Contents/MacOS/firefox-bin" "--marionette" "-foreground" "-no-remote" "-profile" "/var/folders/sx/b425bxq11_g4khz0y_f0sqkc0000gn/T/rust_mozprofilew3yR1i"
console.warn: SearchSettings: "get: No settings file exists, new profile?" (new Error("", "(unknown module)"))
1615337323564	Marionette	INFO	Listening on port 60875
1615337323754	Marionette	WARN	TLS certificate errors will be ignored for this session
console.warn: LoginRecipes: "getRecipes: falling back to a synchronous message for:" "http://192.168.32.2"
1615337618104	geckodriver	INFO	Listening on 127.0.0.1:61028
1615337619201	mozrunner::runner	INFO	Running command: "/Applications/Firefox.app/Contents/MacOS/firefox-bin" "--marionette" "-foreground" "-no-remote" "-profile" "/var/folders/sx/b425bxq11_g4khz0y_f0sqkc0000gn/T/rust_mozprofile6GPthP"
console.warn: SearchSettings: "get: No settings file exists, new profile?" (new Error("", "(unknown module)"))
1615337624652	Marionette	INFO	Listening on port 61039
1615337624852	Marionette	WARN	TLS certificate errors will be ignored for this session
console.log: WebExtensions: reset-default-search: No addons in our list are installed.
console.log: WebExtensions: reset-default-search: No addons in our list are installed.
console.log: WebExtensions: reset-default-search: No addons in our list are installed.
1615338294436	geckodriver	INFO	Listening on 127.0.0.1:61234
1615338295540	mozrunner::runner	INFO	Running command: "/Applications/Firefox.app/Contents/MacOS/firefox-bin" "--marionette" "-foreground" "-no-remote" "-profile" "/var/folders/sx/b425bxq11_g4khz0y_f0sqkc0000gn/T/rust_mozprofileZqMgxM"
console.warn: SearchSettings: "get: No settings file exists, new profile?" (new Error("", "(unknown module)"))
1615338301846	Marionette	INFO	Listening on port 61245
1615338302030	Marionette	WARN	TLS certificate errors will be ignored for this session
1615338466101	geckodriver	INFO	Listening on 127.0.0.1:61378
1615338467182	mozrunner::runner	INFO	Running command: "/Applications/Firefox.app/Contents/MacOS/firefox-bin" "--marionette" "-foreground" "-no-remote" "-profile" "/var/folders/sx/b425bxq11_g4khz0y_f0sqkc0000gn/T/rust_mozprofileIBugm2"
console.warn: SearchSettings: "get: No settings file exists, new profile?" (new Error("", "(unknown module)"))
1615338473536	Marionette	INFO	Listening on port 61389
1615338473600	Marionette	WARN	TLS certificate errors will be ignored for this session
1615338477889	Marionette	INFO	Stopped listening on port 61389

###!!! [Parent][RunMessage] Error: Channel closing: too late to send/recv, messages will be lost

1615338634739	geckodriver	INFO	Listening on 127.0.0.1:61516
1615338635819	mozrunner::runner	INFO	Running command: "/Applications/Firefox.app/Contents/MacOS/firefox-bin" "--marionette" "-headless" "-foreground" "-no-remote" "-profile" "/var/folders/sx/b425bxq11_g4khz0y_f0sqkc0000gn/T/rust_mozprofilepq96LY"
*** You are running in headless mode.
console.warn: SearchSettings: "get: No settings file exists, new profile?" (new Error("", "(unknown module)"))
1615338638981	Marionette	INFO	Listening on port 61527
1615338639113	Marionette	WARN	TLS certificate errors will be ignored for this session
1615338643324	Marionette	INFO	Stopped listening on port 61527
console.log: WebExtensions: reset-default-search: No addons in our list are installed.
1615343843567	Marionette	INFO	Stopped listening on port 61245
1615343850872	Marionette	INFO	Stopped listening on port 60875

###!!! [Parent][RunMessage] Error: Channel closing: too late to send/recv, messages will be lost

1615343852714	Marionette	INFO	Stopped listening on port 60776
1615343856150	Marionette	INFO	Stopped listening on port 61039
